<?xml version="1.0" encoding="UTF-8"?>
<testsuite xmlns:xsi="http://www.w3.org/2001/XMLSchema-instance" xsi:noNamespaceSchemaLocation="https://maven.apache.org/surefire/maven-surefire-plugin/xsd/surefire-test-report.xsd" name="runners.TestRunner" time="130.929" tests="0" errors="0" skipped="0" failures="0">
  <properties>
    <property name="java.specification.version" value="15"/>
    <property name="sun.jnu.encoding" value="UTF-8"/>
    <property name="java.class.path" value="/Users/bharathsrinivasa/Desktop/repository/VitaMojo-UIAutomationFramework/target/test-classes:/Users/bharathsrinivasa/Desktop/repository/VitaMojo-UIAutomationFramework/target/classes:/Users/bharathsrinivasa/.m2/repository/junit/junit/4.11/junit-4.11.jar:/Users/bharathsrinivasa/.m2/repository/org/hamcrest/hamcrest-core/1.3/hamcrest-core-1.3.jar:/Users/bharathsrinivasa/.m2/repository/org/seleniumhq/selenium/selenium-java/3.14.0/selenium-java-3.14.0.jar:/Users/bharathsrinivasa/.m2/repository/org/seleniumhq/selenium/selenium-api/3.14.0/selenium-api-3.14.0.jar:/Users/bharathsrinivasa/.m2/repository/org/seleniumhq/selenium/selenium-chrome-driver/3.14.0/selenium-chrome-driver-3.14.0.jar:/Users/bharathsrinivasa/.m2/repository/org/seleniumhq/selenium/selenium-edge-driver/3.14.0/selenium-edge-driver-3.14.0.jar:/Users/bharathsrinivasa/.m2/repository/org/seleniumhq/selenium/selenium-firefox-driver/3.14.0/selenium-firefox-driver-3.14.0.jar:/Users/bharathsrinivasa/.m2/repository/org/seleniumhq/selenium/selenium-ie-driver/3.14.0/selenium-ie-driver-3.14.0.jar:/Users/bharathsrinivasa/.m2/repository/org/seleniumhq/selenium/selenium-opera-driver/3.14.0/selenium-opera-driver-3.14.0.jar:/Users/bharathsrinivasa/.m2/repository/org/seleniumhq/selenium/selenium-remote-driver/3.14.0/selenium-remote-driver-3.14.0.jar:/Users/bharathsrinivasa/.m2/repository/org/seleniumhq/selenium/selenium-safari-driver/3.14.0/selenium-safari-driver-3.14.0.jar:/Users/bharathsrinivasa/.m2/repository/org/seleniumhq/selenium/selenium-support/3.14.0/selenium-support-3.14.0.jar:/Users/bharathsrinivasa/.m2/repository/net/bytebuddy/byte-buddy/1.8.15/byte-buddy-1.8.15.jar:/Users/bharathsrinivasa/.m2/repository/org/apache/commons/commons-exec/1.3/commons-exec-1.3.jar:/Users/bharathsrinivasa/.m2/repository/commons-codec/commons-codec/1.10/commons-codec-1.10.jar:/Users/bharathsrinivasa/.m2/repository/commons-logging/commons-logging/1.2/commons-logging-1.2.jar:/Users/bharathsrinivasa/.m2/repository/com/google/guava/guava/25.0-jre/guava-25.0-jre.jar:/Users/bharathsrinivasa/.m2/repository/com/google/code/findbugs/jsr305/1.3.9/jsr305-1.3.9.jar:/Users/bharathsrinivasa/.m2/repository/org/checkerframework/checker-compat-qual/2.0.0/checker-compat-qual-2.0.0.jar:/Users/bharathsrinivasa/.m2/repository/com/google/errorprone/error_prone_annotations/2.1.3/error_prone_annotations-2.1.3.jar:/Users/bharathsrinivasa/.m2/repository/com/google/j2objc/j2objc-annotations/1.1/j2objc-annotations-1.1.jar:/Users/bharathsrinivasa/.m2/repository/org/codehaus/mojo/animal-sniffer-annotations/1.14/animal-sniffer-annotations-1.14.jar:/Users/bharathsrinivasa/.m2/repository/org/apache/httpcomponents/httpclient/4.5.5/httpclient-4.5.5.jar:/Users/bharathsrinivasa/.m2/repository/org/apache/httpcomponents/httpcore/4.4.9/httpcore-4.4.9.jar:/Users/bharathsrinivasa/.m2/repository/com/squareup/okhttp3/okhttp/3.10.0/okhttp-3.10.0.jar:/Users/bharathsrinivasa/.m2/repository/com/squareup/okio/okio/1.14.1/okio-1.14.1.jar:/Users/bharathsrinivasa/.m2/repository/io/github/bonigarcia/webdrivermanager/5.4.0/webdrivermanager-5.4.0.jar:/Users/bharathsrinivasa/.m2/repository/org/slf4j/slf4j-api/2.0.7/slf4j-api-2.0.7.jar:/Users/bharathsrinivasa/.m2/repository/com/google/code/gson/gson/2.10.1/gson-2.10.1.jar:/Users/bharathsrinivasa/.m2/repository/com/github/docker-java/docker-java/3.3.1/docker-java-3.3.1.jar:/Users/bharathsrinivasa/.m2/repository/com/github/docker-java/docker-java-core/3.3.1/docker-java-core-3.3.1.jar:/Users/bharathsrinivasa/.m2/repository/com/github/docker-java/docker-java-api/3.3.1/docker-java-api-3.3.1.jar:/Users/bharathsrinivasa/.m2/repository/com/fasterxml/jackson/core/jackson-annotations/2.10.3/jackson-annotations-2.10.3.jar:/Users/bharathsrinivasa/.m2/repository/commons-io/commons-io/2.6/commons-io-2.6.jar:/Users/bharathsrinivasa/.m2/repository/org/apache/commons/commons-compress/1.21/commons-compress-1.21.jar:/Users/bharathsrinivasa/.m2/repository/com/fasterxml/jackson/core/jackson-databind/2.10.3/jackson-databind-2.10.3.jar:/Users/bharathsrinivasa/.m2/repository/com/fasterxml/jackson/core/jackson-core/2.10.3/jackson-core-2.10.3.jar:/Users/bharathsrinivasa/.m2/repository/org/bouncycastle/bcpkix-jdk15on/1.64/bcpkix-jdk15on-1.64.jar:/Users/bharathsrinivasa/.m2/repository/org/bouncycastle/bcprov-jdk15on/1.64/bcprov-jdk15on-1.64.jar:/Users/bharathsrinivasa/.m2/repository/org/slf4j/jcl-over-slf4j/1.7.30/jcl-over-slf4j-1.7.30.jar:/Users/bharathsrinivasa/.m2/repository/com/github/docker-java/docker-java-transport-httpclient5/3.3.1/docker-java-transport-httpclient5-3.3.1.jar:/Users/bharathsrinivasa/.m2/repository/com/github/docker-java/docker-java-transport/3.3.1/docker-java-transport-3.3.1.jar:/Users/bharathsrinivasa/.m2/repository/net/java/dev/jna/jna/5.12.1/jna-5.12.1.jar:/Users/bharathsrinivasa/.m2/repository/org/brotli/dec/0.1.2/dec-0.1.2.jar:/Users/bharathsrinivasa/.m2/repository/org/apache/commons/commons-lang3/3.12.0/commons-lang3-3.12.0.jar:/Users/bharathsrinivasa/.m2/repository/org/apache/httpcomponents/client5/httpclient5/5.2.1/httpclient5-5.2.1.jar:/Users/bharathsrinivasa/.m2/repository/org/apache/httpcomponents/core5/httpcore5/5.2/httpcore5-5.2.jar:/Users/bharathsrinivasa/.m2/repository/org/apache/httpcomponents/core5/httpcore5-h2/5.2/httpcore5-h2-5.2.jar:/Users/bharathsrinivasa/.m2/repository/info/cukes/cucumber-java/1.2.5/cucumber-java-1.2.5.jar:/Users/bharathsrinivasa/.m2/repository/info/cukes/cucumber-core/1.2.5/cucumber-core-1.2.5.jar:/Users/bharathsrinivasa/.m2/repository/info/cukes/cucumber-html/0.2.3/cucumber-html-0.2.3.jar:/Users/bharathsrinivasa/.m2/repository/info/cukes/cucumber-jvm-deps/1.0.5/cucumber-jvm-deps-1.0.5.jar:/Users/bharathsrinivasa/.m2/repository/info/cukes/cucumber-junit/1.2.5/cucumber-junit-1.2.5.jar:/Users/bharathsrinivasa/.m2/repository/info/cukes/cucumber-picocontainer/1.2.5/cucumber-picocontainer-1.2.5.jar:/Users/bharathsrinivasa/.m2/repository/info/cukes/gherkin/2.12.2/gherkin-2.12.2.jar:/Users/bharathsrinivasa/.m2/repository/org/picocontainer/picocontainer/2.15/picocontainer-2.15.jar:/Users/bharathsrinivasa/.m2/repository/org/testng/testng/7.8.0/testng-7.8.0.jar:/Users/bharathsrinivasa/.m2/repository/com/beust/jcommander/1.82/jcommander-1.82.jar:/Users/bharathsrinivasa/.m2/repository/org/webjars/jquery/3.6.1/jquery-3.6.1.jar:/Users/bharathsrinivasa/.m2/repository/io/cucumber/cucumber-testng/7.13.0/cucumber-testng-7.13.0.jar:/Users/bharathsrinivasa/.m2/repository/org/apiguardian/apiguardian-api/1.1.2/apiguardian-api-1.1.2.jar:/Users/bharathsrinivasa/.m2/repository/io/cucumber/cucumber-core/7.13.0/cucumber-core-7.13.0.jar:/Users/bharathsrinivasa/.m2/repository/io/cucumber/cucumber-gherkin/7.13.0/cucumber-gherkin-7.13.0.jar:/Users/bharathsrinivasa/.m2/repository/io/cucumber/cucumber-gherkin-messages/7.13.0/cucumber-gherkin-messages-7.13.0.jar:/Users/bharathsrinivasa/.m2/repository/io/cucumber/gherkin/26.2.0/gherkin-26.2.0.jar:/Users/bharathsrinivasa/.m2/repository/io/cucumber/messages/22.0.0/messages-22.0.0.jar:/Users/bharathsrinivasa/.m2/repository/io/cucumber/tag-expressions/5.0.1/tag-expressions-5.0.1.jar:/Users/bharathsrinivasa/.m2/repository/io/cucumber/cucumber-expressions/16.1.2/cucumber-expressions-16.1.2.jar:/Users/bharathsrinivasa/.m2/repository/io/cucumber/datatable/7.13.0/datatable-7.13.0.jar:/Users/bharathsrinivasa/.m2/repository/io/cucumber/cucumber-plugin/7.13.0/cucumber-plugin-7.13.0.jar:/Users/bharathsrinivasa/.m2/repository/io/cucumber/docstring/7.13.0/docstring-7.13.0.jar:/Users/bharathsrinivasa/.m2/repository/io/cucumber/html-formatter/20.3.1/html-formatter-20.3.1.jar:/Users/bharathsrinivasa/.m2/repository/io/cucumber/junit-xml-formatter/0.2.0/junit-xml-formatter-0.2.0.jar:/Users/bharathsrinivasa/.m2/repository/io/cucumber/ci-environment/9.2.0/ci-environment-9.2.0.jar:/Users/bharathsrinivasa/.m2/repository/org/apache/logging/log4j/log4j-core/2.15.0/log4j-core-2.15.0.jar:/Users/bharathsrinivasa/.m2/repository/org/apache/logging/log4j/log4j-api/2.15.0/log4j-api-2.15.0.jar:"/>
    <property name="java.vm.vendor" value="Oracle Corporation"/>
    <property name="sun.arch.data.model" value="64"/>
    <property name="java.vendor.url" value="https://java.oracle.com/"/>
    <property name="os.name" value="Mac OS X"/>
    <property name="java.vm.specification.version" value="15"/>
    <property name="sun.java.launcher" value="SUN_STANDARD"/>
    <property name="user.country" value="IN"/>
    <property name="sun.boot.library.path" value="/Applications/Eclipse.app/Contents/Eclipse/plugins/org.eclipse.justj.openjdk.hotspot.jre.full.macosx.x86_64_15.0.1.v20201027-0507/jre/lib"/>
    <property name="sun.java.command" value="/Users/bharathsrinivasa/Desktop/repository/VitaMojo-UIAutomationFramework/target/surefire/surefirebooter10572322684612474027.jar /Users/bharathsrinivasa/Desktop/repository/VitaMojo-UIAutomationFramework/target/surefire 2023-07-15T21-48-59_972-jvmRun1 surefire490536502944164300tmp surefire_016033473040658038925tmp"/>
    <property name="jdk.debug" value="release"/>
    <property name="surefire.test.class.path" value="/Users/bharathsrinivasa/Desktop/repository/VitaMojo-UIAutomationFramework/target/test-classes:/Users/bharathsrinivasa/Desktop/repository/VitaMojo-UIAutomationFramework/target/classes:/Users/bharathsrinivasa/.m2/repository/junit/junit/4.11/junit-4.11.jar:/Users/bharathsrinivasa/.m2/repository/org/hamcrest/hamcrest-core/1.3/hamcrest-core-1.3.jar:/Users/bharathsrinivasa/.m2/repository/org/seleniumhq/selenium/selenium-java/3.14.0/selenium-java-3.14.0.jar:/Users/bharathsrinivasa/.m2/repository/org/seleniumhq/selenium/selenium-api/3.14.0/selenium-api-3.14.0.jar:/Users/bharathsrinivasa/.m2/repository/org/seleniumhq/selenium/selenium-chrome-driver/3.14.0/selenium-chrome-driver-3.14.0.jar:/Users/bharathsrinivasa/.m2/repository/org/seleniumhq/selenium/selenium-edge-driver/3.14.0/selenium-edge-driver-3.14.0.jar:/Users/bharathsrinivasa/.m2/repository/org/seleniumhq/selenium/selenium-firefox-driver/3.14.0/selenium-firefox-driver-3.14.0.jar:/Users/bharathsrinivasa/.m2/repository/org/seleniumhq/selenium/selenium-ie-driver/3.14.0/selenium-ie-driver-3.14.0.jar:/Users/bharathsrinivasa/.m2/repository/org/seleniumhq/selenium/selenium-opera-driver/3.14.0/selenium-opera-driver-3.14.0.jar:/Users/bharathsrinivasa/.m2/repository/org/seleniumhq/selenium/selenium-remote-driver/3.14.0/selenium-remote-driver-3.14.0.jar:/Users/bharathsrinivasa/.m2/repository/org/seleniumhq/selenium/selenium-safari-driver/3.14.0/selenium-safari-driver-3.14.0.jar:/Users/bharathsrinivasa/.m2/repository/org/seleniumhq/selenium/selenium-support/3.14.0/selenium-support-3.14.0.jar:/Users/bharathsrinivasa/.m2/repository/net/bytebuddy/byte-buddy/1.8.15/byte-buddy-1.8.15.jar:/Users/bharathsrinivasa/.m2/repository/org/apache/commons/commons-exec/1.3/commons-exec-1.3.jar:/Users/bharathsrinivasa/.m2/repository/commons-codec/commons-codec/1.10/commons-codec-1.10.jar:/Users/bharathsrinivasa/.m2/repository/commons-logging/commons-logging/1.2/commons-logging-1.2.jar:/Users/bharathsrinivasa/.m2/repository/com/google/guava/guava/25.0-jre/guava-25.0-jre.jar:/Users/bharathsrinivasa/.m2/repository/com/google/code/findbugs/jsr305/1.3.9/jsr305-1.3.9.jar:/Users/bharathsrinivasa/.m2/repository/org/checkerframework/checker-compat-qual/2.0.0/checker-compat-qual-2.0.0.jar:/Users/bharathsrinivasa/.m2/repository/com/google/errorprone/error_prone_annotations/2.1.3/error_prone_annotations-2.1.3.jar:/Users/bharathsrinivasa/.m2/repository/com/google/j2objc/j2objc-annotations/1.1/j2objc-annotations-1.1.jar:/Users/bharathsrinivasa/.m2/repository/org/codehaus/mojo/animal-sniffer-annotations/1.14/animal-sniffer-annotations-1.14.jar:/Users/bharathsrinivasa/.m2/repository/org/apache/httpcomponents/httpclient/4.5.5/httpclient-4.5.5.jar:/Users/bharathsrinivasa/.m2/repository/org/apache/httpcomponents/httpcore/4.4.9/httpcore-4.4.9.jar:/Users/bharathsrinivasa/.m2/repository/com/squareup/okhttp3/okhttp/3.10.0/okhttp-3.10.0.jar:/Users/bharathsrinivasa/.m2/repository/com/squareup/okio/okio/1.14.1/okio-1.14.1.jar:/Users/bharathsrinivasa/.m2/repository/io/github/bonigarcia/webdrivermanager/5.4.0/webdrivermanager-5.4.0.jar:/Users/bharathsrinivasa/.m2/repository/org/slf4j/slf4j-api/2.0.7/slf4j-api-2.0.7.jar:/Users/bharathsrinivasa/.m2/repository/com/google/code/gson/gson/2.10.1/gson-2.10.1.jar:/Users/bharathsrinivasa/.m2/repository/com/github/docker-java/docker-java/3.3.1/docker-java-3.3.1.jar:/Users/bharathsrinivasa/.m2/repository/com/github/docker-java/docker-java-core/3.3.1/docker-java-core-3.3.1.jar:/Users/bharathsrinivasa/.m2/repository/com/github/docker-java/docker-java-api/3.3.1/docker-java-api-3.3.1.jar:/Users/bharathsrinivasa/.m2/repository/com/fasterxml/jackson/core/jackson-annotations/2.10.3/jackson-annotations-2.10.3.jar:/Users/bharathsrinivasa/.m2/repository/commons-io/commons-io/2.6/commons-io-2.6.jar:/Users/bharathsrinivasa/.m2/repository/org/apache/commons/commons-compress/1.21/commons-compress-1.21.jar:/Users/bharathsrinivasa/.m2/repository/com/fasterxml/jackson/core/jackson-databind/2.10.3/jackson-databind-2.10.3.jar:/Users/bharathsrinivasa/.m2/repository/com/fasterxml/jackson/core/jackson-core/2.10.3/jackson-core-2.10.3.jar:/Users/bharathsrinivasa/.m2/repository/org/bouncycastle/bcpkix-jdk15on/1.64/bcpkix-jdk15on-1.64.jar:/Users/bharathsrinivasa/.m2/repository/org/bouncycastle/bcprov-jdk15on/1.64/bcprov-jdk15on-1.64.jar:/Users/bharathsrinivasa/.m2/repository/org/slf4j/jcl-over-slf4j/1.7.30/jcl-over-slf4j-1.7.30.jar:/Users/bharathsrinivasa/.m2/repository/com/github/docker-java/docker-java-transport-httpclient5/3.3.1/docker-java-transport-httpclient5-3.3.1.jar:/Users/bharathsrinivasa/.m2/repository/com/github/docker-java/docker-java-transport/3.3.1/docker-java-transport-3.3.1.jar:/Users/bharathsrinivasa/.m2/repository/net/java/dev/jna/jna/5.12.1/jna-5.12.1.jar:/Users/bharathsrinivasa/.m2/repository/org/brotli/dec/0.1.2/dec-0.1.2.jar:/Users/bharathsrinivasa/.m2/repository/org/apache/commons/commons-lang3/3.12.0/commons-lang3-3.12.0.jar:/Users/bharathsrinivasa/.m2/repository/org/apache/httpcomponents/client5/httpclient5/5.2.1/httpclient5-5.2.1.jar:/Users/bharathsrinivasa/.m2/repository/org/apache/httpcomponents/core5/httpcore5/5.2/httpcore5-5.2.jar:/Users/bharathsrinivasa/.m2/repository/org/apache/httpcomponents/core5/httpcore5-h2/5.2/httpcore5-h2-5.2.jar:/Users/bharathsrinivasa/.m2/repository/info/cukes/cucumber-java/1.2.5/cucumber-java-1.2.5.jar:/Users/bharathsrinivasa/.m2/repository/info/cukes/cucumber-core/1.2.5/cucumber-core-1.2.5.jar:/Users/bharathsrinivasa/.m2/repository/info/cukes/cucumber-html/0.2.3/cucumber-html-0.2.3.jar:/Users/bharathsrinivasa/.m2/repository/info/cukes/cucumber-jvm-deps/1.0.5/cucumber-jvm-deps-1.0.5.jar:/Users/bharathsrinivasa/.m2/repository/info/cukes/cucumber-junit/1.2.5/cucumber-junit-1.2.5.jar:/Users/bharathsrinivasa/.m2/repository/info/cukes/cucumber-picocontainer/1.2.5/cucumber-picocontainer-1.2.5.jar:/Users/bharathsrinivasa/.m2/repository/info/cukes/gherkin/2.12.2/gherkin-2.12.2.jar:/Users/bharathsrinivasa/.m2/repository/org/picocontainer/picocontainer/2.15/picocontainer-2.15.jar:/Users/bharathsrinivasa/.m2/repository/org/testng/testng/7.8.0/testng-7.8.0.jar:/Users/bharathsrinivasa/.m2/repository/com/beust/jcommander/1.82/jcommander-1.82.jar:/Users/bharathsrinivasa/.m2/repository/org/webjars/jquery/3.6.1/jquery-3.6.1.jar:/Users/bharathsrinivasa/.m2/repository/io/cucumber/cucumber-testng/7.13.0/cucumber-testng-7.13.0.jar:/Users/bharathsrinivasa/.m2/repository/org/apiguardian/apiguardian-api/1.1.2/apiguardian-api-1.1.2.jar:/Users/bharathsrinivasa/.m2/repository/io/cucumber/cucumber-core/7.13.0/cucumber-core-7.13.0.jar:/Users/bharathsrinivasa/.m2/repository/io/cucumber/cucumber-gherkin/7.13.0/cucumber-gherkin-7.13.0.jar:/Users/bharathsrinivasa/.m2/repository/io/cucumber/cucumber-gherkin-messages/7.13.0/cucumber-gherkin-messages-7.13.0.jar:/Users/bharathsrinivasa/.m2/repository/io/cucumber/gherkin/26.2.0/gherkin-26.2.0.jar:/Users/bharathsrinivasa/.m2/repository/io/cucumber/messages/22.0.0/messages-22.0.0.jar:/Users/bharathsrinivasa/.m2/repository/io/cucumber/tag-expressions/5.0.1/tag-expressions-5.0.1.jar:/Users/bharathsrinivasa/.m2/repository/io/cucumber/cucumber-expressions/16.1.2/cucumber-expressions-16.1.2.jar:/Users/bharathsrinivasa/.m2/repository/io/cucumber/datatable/7.13.0/datatable-7.13.0.jar:/Users/bharathsrinivasa/.m2/repository/io/cucumber/cucumber-plugin/7.13.0/cucumber-plugin-7.13.0.jar:/Users/bharathsrinivasa/.m2/repository/io/cucumber/docstring/7.13.0/docstring-7.13.0.jar:/Users/bharathsrinivasa/.m2/repository/io/cucumber/html-formatter/20.3.1/html-formatter-20.3.1.jar:/Users/bharathsrinivasa/.m2/repository/io/cucumber/junit-xml-formatter/0.2.0/junit-xml-formatter-0.2.0.jar:/Users/bharathsrinivasa/.m2/repository/io/cucumber/ci-environment/9.2.0/ci-environment-9.2.0.jar:/Users/bharathsrinivasa/.m2/repository/org/apache/logging/log4j/log4j-core/2.15.0/log4j-core-2.15.0.jar:/Users/bharathsrinivasa/.m2/repository/org/apache/logging/log4j/log4j-api/2.15.0/log4j-api-2.15.0.jar:"/>
    <property name="sun.cpu.endian" value="little"/>
    <property name="user.home" value="/Users/bharathsrinivasa"/>
    <property name="user.language" value="en"/>
    <property name="java.specification.vendor" value="Oracle Corporation"/>
    <property name="java.version.date" value="2020-10-20"/>
    <property name="java.home" value="/Applications/Eclipse.app/Contents/Eclipse/plugins/org.eclipse.justj.openjdk.hotspot.jre.full.macosx.x86_64_15.0.1.v20201027-0507/jre"/>
    <property name="file.separator" value="/"/>
    <property name="basedir" value="/Users/bharathsrinivasa/Desktop/repository/VitaMojo-UIAutomationFramework"/>
    <property name="java.vm.compressedOopsMode" value="Zero based"/>
    <property name="line.separator" value="&#10;"/>
    <property name="java.vm.specification.vendor" value="Oracle Corporation"/>
    <property name="java.specification.name" value="Java Platform API Specification"/>
    <property name="surefire.real.class.path" value="/Users/bharathsrinivasa/Desktop/repository/VitaMojo-UIAutomationFramework/target/surefire/surefirebooter10572322684612474027.jar"/>
    <property name="sun.management.compiler" value="HotSpot 64-Bit Tiered Compilers"/>
    <property name="java.runtime.version" value="15.0.1+9-18"/>
    <property name="user.name" value="bharathsrinivasa"/>
    <property name="path.separator" value=":"/>
    <property name="os.version" value="10.16"/>
    <property name="java.runtime.name" value="OpenJDK Runtime Environment"/>
    <property name="file.encoding" value="UTF-8"/>
    <property name="java.vm.name" value="OpenJDK 64-Bit Server VM"/>
    <property name="localRepository" value="/Users/bharathsrinivasa/.m2/repository"/>
    <property name="java.vendor.url.bug" value="https://bugreport.java.com/bugreport/"/>
    <property name="java.io.tmpdir" value="/var/folders/s5/nc_1fwgn5mqbqf7s0qp9dglw0000gn/T/"/>
    <property name="java.version" value="15.0.1"/>
    <property name="user.dir" value="/Users/bharathsrinivasa/Desktop/repository/VitaMojo-UIAutomationFramework"/>
    <property name="os.arch" value="x86_64"/>
    <property name="java.vm.specification.name" value="Java Virtual Machine Specification"/>
    <property name="java.library.path" value="/Users/bharathsrinivasa/Library/Java/Extensions:/Library/Java/Extensions:/Network/Library/Java/Extensions:/System/Library/Java/Extensions:/usr/lib/java:."/>
    <property name="java.vm.info" value="mixed mode"/>
    <property name="java.vendor" value="Oracle Corporation"/>
    <property name="java.vm.version" value="15.0.1+9-18"/>
    <property name="sun.io.unicode.encoding" value="UnicodeBig"/>
    <property name="java.class.version" value="59.0"/>
  </properties>
</testsuite>